<?xml version="1.0" encoding="UTF-8"?>
<!-- Generated by org.testng.reporters.JUnitReportReporter -->
<testsuite name="core.ElementsValidationTest" tests="3" time="38.695" ignored="0" failures="0" timestamp="26 Feb 2017 06:51:19 GMT" skipped="0" hostname="DESKTOP-CPM7937" errors="0">
  <testcase name="test" time="10.452" classname="core.ElementsValidationTest"/>
  <testcase name="test" time="17.637" classname="core.ElementsValidationTest"/>
  <testcase name="test" time="10.606" classname="core.ElementsValidationTest"/>
</testsuite> <!-- core.ElementsValidationTest -->
